<?xml version="1.0" encoding="UTF-8" ?>
<testsuite tests="12" failures="0" name="triangulos.TrianguloTest" time="0.01" errors="0" skipped="0">
  <properties>
[...]
</properties>
  <testcase classname="triangulos.TrianguloTest" name="testTipoTriangulo(5,5,5, Equilátero) [0]" time="0.004"/>
  <testcase classname="triangulos.TrianguloTest" name="testTipoTriangulo(1,1,1, Equilátero) [1]" time="0"/>
  <testcase classname="triangulos.TrianguloTest" name="testTipoTriangulo(42,42,42, Equilátero) [2]" time="0"/>
  <testcase classname="triangulos.TrianguloTest" name="testTipoTriangulo(10,10,10, Equilátero) [3]" time="0"/>
  <testcase classname="triangulos.TrianguloTest" name="testTipoTriangulo(7,7,3, Isóceles) [4]" time="0"/>
  <testcase classname="triangulos.TrianguloTest" name="testTipoTriangulo(9,4,4, Isóceles) [5]" time="0.001"/>
  <testcase classname="triangulos.TrianguloTest" name="testTipoTriangulo(1,1,6, Isóceles) [6]" time="0.001"/>
  <testcase classname="triangulos.TrianguloTest" name="testTipoTriangulo(8,2,8, Isóceles) [7]" time="0.001"/>
  <testcase classname="triangulos.TrianguloTest" name="testTipoTriangulo(1,2,3, Escaleno) [8]" time="0.001"/>
  <testcase classname="triangulos.TrianguloTest" name="testTipoTriangulo(4,7,5, Escaleno) [9]" time="0"/>
  <testcase classname="triangulos.TrianguloTest" name="testTipoTriangulo(22,11,55, Escaleno) [10]" time="0.001"/>
  <testcase classname="triangulos.TrianguloTest" name="testTipoTriangulo(128,64,32, Escaleno) [11]" time="0.001"/>
</testsuite>